<?xml version="1.0" encoding="UTF-8"?>
<testng-results skipped="0" failed="0" ignored="0" total="1" passed="1">
  <reporter-output>
  </reporter-output>
  <suite name="Default suite" duration-ms="12815" started-at="2021-02-24T17:08:35 IST" finished-at="2021-02-24T17:08:48 IST">
    <groups>
    </groups>
    <test name="Default test" duration-ms="12815" started-at="2021-02-24T17:08:35 IST" finished-at="2021-02-24T17:08:48 IST">
      <class name="qa.tetscases.NavigationTest">
        <test-method status="PASS" signature="newProg()[pri:0, instance:qa.tetscases.NavigationTest@48503868]" name="newProg" duration-ms="12781" started-at="2021-02-24T17:08:35 IST" finished-at="2021-02-24T17:08:48 IST">
          <reporter-output>
          </reporter-output>
        </test-method> <!-- newProg -->
      </class> <!-- qa.tetscases.NavigationTest -->
    </test> <!-- Default test -->
  </suite> <!-- Default suite -->
</testng-results>
